<?xml version="1.0" encoding="UTF-8"?>
<!-- Generated by org.testng.reporters.JUnitXMLReporter -->
<testsuite hostname="LAPTOP-BGVAMC4V" ignored="0" name="Default test" tests="4" failures="0" timestamp="11 Jun 2017 23:18:11 GMT" time="28.094" errors="0">
  <testcase name="openBrowser" time="15.006" classname="com.selenium.life.test.GenerateLifeInsuranceQuoteTest"/>
  <testcase name="getLifeQuoteIsClicked" time="0.114" classname="com.selenium.life.test.GenerateLifeInsuranceQuoteTest"/>
  <testcase name="generateQuote" time="2.866" classname="com.selenium.life.test.GenerateLifeInsuranceQuoteTest"/>
  <testcase name="quoteAmountIsDisplayed" time="0.79" classname="com.selenium.life.test.GenerateLifeInsuranceQuoteTest"/>
</testsuite> <!-- Default test -->
